sm.clagenna.bezier.swing.MyPanel  2023-01-08 18:53:46 DEBUG: mouseRelease(butt=1, qta=1)
sm.clagenna.bezier.data.ModelloDati  2023-01-09 16:58:43 DEBUG: change null val=java.awt.Point[x=74,y=55]
sm.clagenna.bezier.data.ModelloDati  2023-01-09 17:56:30 DEBUG: change null val=java.awt.Point[x=30,y=24]
sm.clagenna.bezier.data.ModelloDati  2023-01-09 18:02:52 DEBUG: change null val=java.awt.Point[x=54,y=40]
sm.clagenna.bezier.data.ModelloDati  2023-01-09 18:03:03 DEBUG: change null val=java.awt.Point[x=66,y=48]
sm.clagenna.bezier.data.ModelloDati  2023-01-09 18:06:12 DEBUG: change null val=java.awt.Point[x=66,y=48]
sm.clagenna.bezier.data.ModelloDati  2023-01-09 18:07:20 DEBUG: change null val=java.awt.Point[x=66,y=48]
sm.clagenna.bezier.data.ModelloDati  2023-01-09 18:11:24 DEBUG: change null val=java.awt.Point[x=66,y=48]
sm.clagenna.bezier.data.ModelloDati  2023-01-09 18:12:51 DEBUG: change null val=java.awt.Point[x=111,y=79]
sm.clagenna.bezier.data.ModelloDati  2023-01-09 18:12:53 DEBUG: change null val=java.awt.Point[x=162,y=113]
sm.clagenna.bezier.data.ModelloDati  2023-01-09 18:12:53 DEBUG: change null val=java.awt.Point[x=273,y=84]
sm.clagenna.bezier.data.ModelloDati  2023-01-09 18:12:54 DEBUG: change null val=java.awt.Point[x=296,y=140]
sm.clagenna.bezier.data.ModelloDati  2023-01-09 18:12:55 DEBUG: change null val=java.awt.Point[x=182,y=252]
sm.clagenna.bezier.data.ModelloDati  2023-01-09 18:12:56 DEBUG: change null val=java.awt.Point[x=46,y=314]
sm.clagenna.bezier.data.ModelloDati  2023-01-09 18:12:57 DEBUG: change null val=java.awt.Point[x=158,y=368]
sm.clagenna.bezier.data.ModelloDati  2023-01-09 18:30:06 DEBUG: change null val=java.awt.Point[x=36,y=27]
sm.clagenna.bezier.data.ModelloDati  2023-01-09 18:30:45 DEBUG: change null val=java.awt.Point[x=81,y=59]
sm.clagenna.bezier.data.ModelloDati  2023-01-09 18:30:49 DEBUG: change null val=java.awt.Point[x=143,y=71]
sm.clagenna.bezier.data.ModelloDati  2023-01-09 18:30:50 DEBUG: change null val=java.awt.Point[x=227,y=83]
sm.clagenna.bezier.data.ModelloDati  2023-01-09 18:30:51 DEBUG: change null val=java.awt.Point[x=125,y=154]
sm.clagenna.bezier.data.ModelloDati  2023-01-09 18:30:51 DEBUG: change null val=java.awt.Point[x=165,y=180]
sm.clagenna.bezier.data.ModelloDati  2023-01-09 18:30:52 DEBUG: change null val=java.awt.Point[x=81,y=225]
sm.clagenna.bezier.data.ModelloDati  2023-01-09 18:31:56 DEBUG: change null val=java.awt.Point[x=198,y=29]
sm.clagenna.bezier.data.ModelloDati  2023-01-09 18:31:57 DEBUG: change null val=java.awt.Point[x=263,y=148]
sm.clagenna.bezier.data.ModelloDati  2023-01-09 18:42:24 DEBUG: change null val=java.awt.Point[x=37,y=80]
sm.clagenna.bezier.data.ModelloDati  2023-01-09 18:42:45 DEBUG: change null val=java.awt.Point[x=82,y=41]
sm.clagenna.bezier.data.ModelloDati  2023-01-09 18:42:48 DEBUG: change null val=java.awt.Point[x=148,y=69]
sm.clagenna.bezier.data.ModelloDati  2023-01-09 18:42:49 DEBUG: change null val=java.awt.Point[x=228,y=82]
sm.clagenna.bezier.data.ModelloDati  2023-01-09 18:42:50 DEBUG: change null val=java.awt.Point[x=264,y=52]
sm.clagenna.bezier.data.ModelloDati  2023-01-09 18:42:51 DEBUG: change null val=java.awt.Point[x=136,y=156]
sm.clagenna.bezier.data.ModelloDati  2023-01-09 18:42:53 DEBUG: change null val=java.awt.Point[x=58,y=175]
sm.clagenna.bezier.data.ModelloDati  2023-01-09 18:42:53 DEBUG: change null val=java.awt.Point[x=126,y=210]
sm.clagenna.bezier.data.ModelloDati  2023-01-09 18:42:54 DEBUG: change null val=java.awt.Point[x=225,y=225]
sm.clagenna.bezier.data.ModelloDati  2023-01-09 18:49:25 DEBUG: change null val=java.awt.Point[x=38,y=27]
sm.clagenna.bezier.data.ModelloDati  2023-01-09 18:49:26 DEBUG: change null val=java.awt.Point[x=97,y=39]
sm.clagenna.bezier.data.ModelloDati  2023-01-09 18:49:27 DEBUG: change null val=java.awt.Point[x=156,y=45]
sm.clagenna.bezier.data.ModelloDati  2023-01-09 18:49:28 DEBUG: change null val=java.awt.Point[x=144,y=79]
sm.clagenna.bezier.data.ModelloDati  2023-01-09 18:49:29 DEBUG: change null val=java.awt.Point[x=110,y=112]
sm.clagenna.bezier.data.ModelloDati  2023-01-09 18:49:30 DEBUG: change null val=java.awt.Point[x=173,y=129]
sm.clagenna.bezier.data.ModelloDati  2023-01-09 18:49:31 DEBUG: change null val=java.awt.Point[x=313,y=85]
sm.clagenna.bezier.data.ModelloDati  2023-01-09 18:49:32 DEBUG: change null val=java.awt.Point[x=391,y=69]
sm.clagenna.bezier.data.ModelloDati  2023-01-09 18:49:33 DEBUG: change null val=java.awt.Point[x=184,y=292]
sm.clagenna.bezier.data.ModelloDati  2023-01-09 18:51:06 DEBUG: change null val=12	173,000	471,000
sm.clagenna.bezier.data.ModelloDati  2023-01-09 18:51:20 DEBUG: change null val=14	313,000	515,000
sm.clagenna.bezier.data.ModelloDati  2023-01-09 18:51:23 DEBUG: change null val=8	144,000	521,000
sm.clagenna.bezier.data.ModelloDati  2023-01-09 18:51:26 DEBUG: change null val=10	110,000	488,000
sm.clagenna.bezier.data.ModelloDati  2023-01-09 18:51:30 DEBUG: change null val=12	173,000	471,000
sm.clagenna.bezier.data.ModelloDati  2023-01-09 18:52:10 DEBUG: change null val=java.awt.Point[x=31,y=138]
sm.clagenna.bezier.data.ModelloDati  2023-01-09 18:52:11 DEBUG: change null val=java.awt.Point[x=101,y=88]
sm.clagenna.bezier.data.ModelloDati  2023-01-09 18:52:12 DEBUG: change null val=java.awt.Point[x=160,y=46]
sm.clagenna.bezier.data.ModelloDati  2023-01-09 18:52:13 DEBUG: change null val=java.awt.Point[x=253,y=87]
sm.clagenna.bezier.data.ModelloDati  2023-01-09 18:52:14 DEBUG: change null val=java.awt.Point[x=188,y=207]
sm.clagenna.bezier.data.ModelloDati  2023-01-09 18:52:17 DEBUG: change null val=4	101,000	512,000
sm.clagenna.bezier.data.ModelloDati  2023-01-09 18:52:19 DEBUG: change null val=6	160,000	554,000
sm.clagenna.bezier.data.ModelloDati  2023-01-09 18:52:20 DEBUG: change null val=8	253,000	513,000
sm.clagenna.bezier.data.ModelloDati  2023-01-09 18:52:21 DEBUG: change null val=10	188,000	393,000
sm.clagenna.bezier.data.ModelloDati  2023-01-09 18:52:23 DEBUG: change null val=2	31,000	462,000
sm.clagenna.bezier.data.ModelloDati  2023-01-09 18:52:24 DEBUG: change null val=10	188,000	393,000
sm.clagenna.bezier.data.ModelloDati  2023-01-10 15:21:27 DEBUG: change null val=java.awt.Point[x=47,y=37]
sm.clagenna.bezier.data.ModelloDati  2023-01-10 15:21:36 DEBUG: change null val=java.awt.Point[x=82,y=61]
sm.clagenna.bezier.data.ModelloDati  2023-01-10 15:21:38 DEBUG: change null val=java.awt.Point[x=160,y=60]
sm.clagenna.bezier.data.ModelloDati  2023-01-10 15:21:59 DEBUG: change null val=6	160,000	540,000
sm.clagenna.bezier.data.ModelloDati  2023-01-10 15:23:26 DEBUG: change null val=2	47,000	563,000
sm.clagenna.bezier.data.ModelloDati  2023-01-10 15:23:30 DEBUG: change null val=4	82,000	539,000
sm.clagenna.bezier.data.ModelloDati  2023-01-10 15:24:01 DEBUG: change null val=2	47,000	563,000
sm.clagenna.bezier.data.ModelloDati  2023-01-10 15:24:13 DEBUG: change null val=6	160,000	540,000
sm.clagenna.bezier.data.ModelloDati  2023-01-10 15:24:15 DEBUG: change null val=java.awt.Point[x=136,y=126]
sm.clagenna.bezier.data.ModelloDati  2023-01-10 15:24:16 DEBUG: change null val=java.awt.Point[x=87,y=164]
sm.clagenna.bezier.data.ModelloDati  2023-01-10 15:24:17 DEBUG: change null val=java.awt.Point[x=176,y=191]
sm.clagenna.bezier.data.ModelloDati  2023-01-10 15:24:18 DEBUG: change null val=java.awt.Point[x=293,y=89]
<<<<<<< HEAD
sm.clagenna.bezier.data.ModelloDati  2023-01-10 15:49:52 DEBUG: change null val=java.awt.Point[x=31,y=45]
sm.clagenna.bezier.data.ModelloDati  2023-01-10 15:49:55 DEBUG: change null val=java.awt.Point[x=93,y=30]
sm.clagenna.bezier.data.ModelloDati  2023-01-10 15:49:58 DEBUG: change null val=java.awt.Point[x=160,y=68]
sm.clagenna.bezier.data.ModelloDati  2023-01-10 15:49:59 DEBUG: change null val=java.awt.Point[x=86,y=127]
sm.clagenna.bezier.data.ModelloDati  2023-01-10 15:50:16 DEBUG: change null val=java.awt.Point[x=255,y=224]
sm.clagenna.bezier.data.ModelloDati  2023-01-10 15:52:34 DEBUG: change null val=java.awt.Point[x=320,y=61]
sm.clagenna.bezier.data.ModelloDati  2023-01-10 15:52:37 DEBUG: change null val=java.awt.Point[x=73,y=205]
sm.clagenna.bezier.data.ModelloDati  2023-01-10 15:52:38 DEBUG: change null val=java.awt.Point[x=120,y=260]
sm.clagenna.bezier.data.ModelloDati  2023-01-10 15:52:39 DEBUG: change null val=java.awt.Point[x=314,y=259]
sm.clagenna.bezier.data.ModelloDati  2023-01-10 15:52:47 DEBUG: change null val=java.awt.Point[x=655,y=246]
sm.clagenna.bezier.data.ModelloDati  2023-01-10 15:52:48 DEBUG: change null val=java.awt.Point[x=360,y=358]
sm.clagenna.bezier.data.ModelloDati  2023-01-10 15:52:49 DEBUG: change null val=java.awt.Point[x=99,y=498]
sm.clagenna.bezier.data.ModelloDati  2023-01-10 15:52:50 DEBUG: change null val=java.awt.Point[x=435,y=527]
sm.clagenna.bezier.data.ModelloDati  2023-01-10 15:54:40 DEBUG: change null val=java.awt.Point[x=851,y=37]
sm.clagenna.bezier.data.ModelloDati  2023-01-10 16:32:12 DEBUG: change null val=java.awt.Point[x=44,y=33]
sm.clagenna.bezier.data.ModelloDati  2023-01-10 16:32:19 DEBUG: change null val=java.awt.Point[x=165,y=20]
sm.clagenna.bezier.data.ModelloDati  2023-01-10 16:32:21 DEBUG: change null val=java.awt.Point[x=172,y=162]
sm.clagenna.bezier.data.ModelloDati  2023-01-10 16:32:25 DEBUG: change null val=java.awt.Point[x=321,y=195]
sm.clagenna.bezier.data.ModelloDati  2023-01-10 16:42:47 DEBUG: change null val=java.awt.Point[x=42,y=113]
sm.clagenna.bezier.data.ModelloDati  2023-01-10 16:42:48 DEBUG: change null val=java.awt.Point[x=148,y=39]
sm.clagenna.bezier.data.ModelloDati  2023-01-10 16:42:50 DEBUG: change null val=java.awt.Point[x=219,y=98]
sm.clagenna.bezier.data.ModelloDati  2023-01-10 16:42:53 DEBUG: change null val=java.awt.Point[x=164,y=262]
sm.clagenna.bezier.data.ModelloDati  2023-01-10 16:42:59 DEBUG: change null val=java.awt.Point[x=208,y=344]
sm.clagenna.bezier.data.ModelloDati  2023-01-10 16:43:00 DEBUG: change null val=java.awt.Point[x=330,y=353]
sm.clagenna.bezier.data.ModelloDati  2023-01-10 16:43:01 DEBUG: change null val=java.awt.Point[x=509,y=320]
sm.clagenna.bezier.data.ModelloDati  2023-01-10 16:43:02 DEBUG: change null val=java.awt.Point[x=598,y=217]
sm.clagenna.bezier.data.ModelloDati  2023-01-10 16:43:04 DEBUG: change null val=java.awt.Point[x=633,y=137]
sm.clagenna.bezier.data.ModelloDati  2023-01-10 16:43:47 DEBUG: change null val=java.awt.Point[x=81,y=215]
sm.clagenna.bezier.data.ModelloDati  2023-01-10 16:43:50 DEBUG: change null val=java.awt.Point[x=579,y=217]
sm.clagenna.bezier.data.ModelloDati  2023-01-10 16:43:54 DEBUG: change null val=java.awt.Point[x=152,y=332]
sm.clagenna.bezier.data.ModelloDati  2023-01-10 16:43:57 DEBUG: change null val=java.awt.Point[x=552,y=474]
sm.clagenna.bezier.data.ModelloDati  2023-01-10 16:44:10 DEBUG: change null val=java.awt.Point[x=431,y=546]
sm.clagenna.bezier.data.ModelloDati  2023-01-10 16:44:15 DEBUG: change null val=java.awt.Point[x=179,y=413]
sm.clagenna.bezier.data.ModelloDati  2023-01-10 16:45:38 DEBUG: change null val=java.awt.Point[x=34,y=180]
sm.clagenna.bezier.data.ModelloDati  2023-01-10 16:45:39 DEBUG: change null val=java.awt.Point[x=327,y=78]
sm.clagenna.bezier.data.ModelloDati  2023-01-10 16:45:41 DEBUG: change null val=java.awt.Point[x=612,y=249]
sm.clagenna.bezier.data.ModelloDati  2023-01-10 16:45:43 DEBUG: change null val=java.awt.Point[x=148,y=305]
sm.clagenna.bezier.data.ModelloDati  2023-01-10 16:45:45 DEBUG: change null val=java.awt.Point[x=254,y=392]
sm.clagenna.bezier.data.ModelloDati  2023-01-10 16:45:46 DEBUG: change null val=java.awt.Point[x=602,y=402]
sm.clagenna.bezier.data.ModelloDati  2023-01-10 16:45:50 DEBUG: change null val=java.awt.Point[x=373,y=463]
sm.clagenna.bezier.data.ModelloDati  2023-01-10 16:45:51 DEBUG: change null val=java.awt.Point[x=618,y=488]
sm.clagenna.bezier.data.ModelloDati  2023-01-10 16:45:53 DEBUG: change null val=java.awt.Point[x=380,y=551]
sm.clagenna.bezier.data.ModelloDati  2023-01-10 16:57:59 DEBUG: change null val=java.awt.Point[x=112,y=430]
sm.clagenna.bezier.data.ModelloDati  2023-01-10 16:58:00 DEBUG: change null val=java.awt.Point[x=397,y=148]
sm.clagenna.bezier.data.ModelloDati  2023-01-10 16:58:01 DEBUG: change null val=java.awt.Point[x=688,y=288]
sm.clagenna.bezier.data.ModelloDati  2023-01-10 16:58:02 DEBUG: change null val=java.awt.Point[x=555,y=556]
sm.clagenna.bezier.data.ModelloDati  2023-01-10 16:58:59 DEBUG: change null val=6	688,000	312,000
=======
sm.clagenna.bezier.data.ModelloDati  2023-01-11 14:47:50 DEBUG: change null val=java.awt.Point[x=72,y=28]
sm.clagenna.bezier.data.ModelloDati  2023-01-11 14:47:51 DEBUG: change null val=java.awt.Point[x=110,y=38]
sm.clagenna.bezier.data.ModelloDati  2023-01-11 14:47:53 DEBUG: change null val=java.awt.Point[x=80,y=137]
sm.clagenna.bezier.data.ModelloDati  2023-01-11 14:47:54 DEBUG: change null val=java.awt.Point[x=149,y=138]
sm.clagenna.bezier.data.ModelloDati  2023-01-11 14:47:56 DEBUG: change null val=4	110,000	562,000
sm.clagenna.bezier.data.ModelloDati  2023-01-11 14:53:26 DEBUG: change null val=java.awt.Point[x=22,y=37]
sm.clagenna.bezier.data.ModelloDati  2023-01-11 14:53:30 DEBUG: change null val=java.awt.Point[x=106,y=39]
sm.clagenna.bezier.data.ModelloDati  2023-01-11 14:53:32 DEBUG: change null val=java.awt.Point[x=62,y=99]
sm.clagenna.bezier.data.ModelloDati  2023-01-11 14:53:33 DEBUG: change null val=java.awt.Point[x=172,y=95]
sm.clagenna.bezier.data.ModelloDati  2023-01-11 14:53:34 DEBUG: change null val=4	106,000	561,000
sm.clagenna.bezier.data.ModelloDati  2023-01-11 14:56:17 DEBUG: change null val=4	106,000	561,000
sm.clagenna.bezier.data.ModelloDati  2023-01-11 15:07:25 DEBUG: change null val=java.awt.Point[x=88,y=34]
sm.clagenna.bezier.data.ModelloDati  2023-01-11 15:07:29 DEBUG: change null val=java.awt.Point[x=53,y=79]
sm.clagenna.bezier.data.ModelloDati  2023-01-11 15:07:31 DEBUG: change null val=java.awt.Point[x=134,y=72]
sm.clagenna.bezier.data.ModelloDati  2023-01-11 15:07:32 DEBUG: change null val=java.awt.Point[x=263,y=83]
sm.clagenna.bezier.data.ModelloDati  2023-01-11 15:07:35 DEBUG: change null val=6	134,000	528,000
sm.clagenna.bezier.data.ModelloDati  2023-01-11 15:07:38 DEBUG: change null val=6	134,000	528,000
sm.clagenna.bezier.data.ModelloDati  2023-01-11 15:15:26 DEBUG: change null val=java.awt.Point[x=43,y=71]
sm.clagenna.bezier.data.ModelloDati  2023-01-11 15:15:27 DEBUG: change null val=java.awt.Point[x=110,y=38]
sm.clagenna.bezier.data.ModelloDati  2023-01-11 15:15:28 DEBUG: change null val=java.awt.Point[x=175,y=75]
sm.clagenna.bezier.data.ModelloDati  2023-01-11 15:15:29 DEBUG: change null val=java.awt.Point[x=317,y=26]
sm.clagenna.bezier.data.ModelloDati  2023-01-11 15:15:31 DEBUG: change null val=6	175,000	525,000
sm.clagenna.bezier.data.ModelloDati  2023-01-11 15:18:02 DEBUG: change null val=6	175,000	525,000
sm.clagenna.bezier.data.ModelloDati  2023-01-11 15:18:07 DEBUG: change null val=4	110,000	562,000
sm.clagenna.bezier.data.ModelloDati  2023-01-11 15:18:09 DEBUG: change null val=4	110,000	562,000
sm.clagenna.bezier.data.ModelloDati  2023-01-11 15:18:11 DEBUG: change null val=2	43,000	529,000
sm.clagenna.bezier.data.ModelloDati  2023-01-11 15:18:28 DEBUG: change null val=4	110,000	562,000
sm.clagenna.bezier.data.ModelloDati  2023-01-11 15:18:29 DEBUG: change null val=6	175,000	525,000
sm.clagenna.bezier.data.ModelloDati  2023-01-11 15:18:31 DEBUG: change null val=8	317,000	574,000
sm.clagenna.bezier.data.ModelloDati  2023-01-11 15:18:33 DEBUG: change null val=4	110,000	562,000
sm.clagenna.bezier.data.ModelloDati  2023-01-11 15:27:03 DEBUG: change null val=java.awt.Point[x=34,y=57]
sm.clagenna.bezier.data.ModelloDati  2023-01-11 15:27:04 DEBUG: change null val=java.awt.Point[x=111,y=22]
sm.clagenna.bezier.data.ModelloDati  2023-01-11 15:27:05 DEBUG: change null val=java.awt.Point[x=211,y=49]
sm.clagenna.bezier.data.ModelloDati  2023-01-11 15:27:06 DEBUG: change null val=java.awt.Point[x=258,y=98]
sm.clagenna.bezier.data.ModelloDati  2023-01-11 15:27:15 DEBUG: change null val=6	211,000	551,000
sm.clagenna.bezier.data.ModelloDati  2023-01-11 15:27:38 DEBUG: change null val=8	258,000	502,000
sm.clagenna.bezier.data.ModelloDati  2023-01-11 15:27:43 DEBUG: change null val=4	111,000	578,000
sm.clagenna.bezier.data.ModelloDati  2023-01-11 15:27:48 DEBUG: change null val=4	111,000	578,000
sm.clagenna.bezier.data.ModelloDati  2023-01-11 15:38:57 DEBUG: change null val=java.awt.Point[x=32,y=57]
sm.clagenna.bezier.data.ModelloDati  2023-01-11 15:38:58 DEBUG: change null val=java.awt.Point[x=133,y=39]
sm.clagenna.bezier.data.ModelloDati  2023-01-11 15:38:59 DEBUG: change null val=java.awt.Point[x=179,y=102]
sm.clagenna.bezier.data.ModelloDati  2023-01-11 15:39:00 DEBUG: change null val=java.awt.Point[x=81,y=155]
sm.clagenna.bezier.data.ModelloDati  2023-01-11 15:39:02 DEBUG: change null val=6	179,000	498,000
sm.clagenna.bezier.data.ModelloDati  2023-01-11 15:43:52 DEBUG: change null val=java.awt.Point[x=35,y=43]
sm.clagenna.bezier.data.ModelloDati  2023-01-11 15:43:53 DEBUG: change null val=java.awt.Point[x=75,y=23]
sm.clagenna.bezier.data.ModelloDati  2023-01-11 15:43:54 DEBUG: change null val=java.awt.Point[x=140,y=34]
sm.clagenna.bezier.data.ModelloDati  2023-01-11 15:43:55 DEBUG: change null val=java.awt.Point[x=224,y=47]
sm.clagenna.bezier.data.ModelloDati  2023-01-11 15:43:57 DEBUG: change null val=p(140,000,566,000)
sm.clagenna.bezier.data.ModelloDati  2023-01-11 16:03:16 DEBUG: change null val=java.awt.Point[x=53,y=115]
sm.clagenna.bezier.data.ModelloDati  2023-01-11 16:03:18 DEBUG: change null val=java.awt.Point[x=107,y=45]
sm.clagenna.bezier.data.ModelloDati  2023-01-11 16:03:19 DEBUG: change null val=java.awt.Point[x=222,y=58]
sm.clagenna.bezier.data.ModelloDati  2023-01-11 16:03:20 DEBUG: change null val=java.awt.Point[x=294,y=139]
sm.clagenna.bezier.data.ModelloDati  2023-01-11 16:03:22 DEBUG: change null val=p(222,542)
sm.clagenna.bezier.data.ModelloDati  2023-01-11 16:03:44 DEBUG: change null val=java.awt.Point[x=35,y=131]
sm.clagenna.bezier.data.ModelloDati  2023-01-11 16:03:45 DEBUG: change null val=java.awt.Point[x=63,y=77]
sm.clagenna.bezier.data.ModelloDati  2023-01-11 16:03:45 DEBUG: change null val=java.awt.Point[x=132,y=31]
sm.clagenna.bezier.data.ModelloDati  2023-01-11 16:03:46 DEBUG: change null val=java.awt.Point[x=236,y=78]
sm.clagenna.bezier.data.ModelloDati  2023-01-11 16:03:50 DEBUG: change null val=p(132,569)
sm.clagenna.bezier.data.ModelloDati  2023-01-11 16:03:55 DEBUG: change null val=p(134,500)
sm.clagenna.bezier.data.ModelloDati  2023-01-11 16:04:01 DEBUG: change null val=p(236,522)
sm.clagenna.bezier.data.ModelloDati  2023-01-11 16:04:02 DEBUG: change null val=p(134,500)
sm.clagenna.bezier.data.ModelloDati  2023-01-11 16:04:04 DEBUG: change null val=p(63,523)
sm.clagenna.bezier.data.ModelloDati  2023-01-11 16:04:05 DEBUG: change null val=p(35,469)
sm.clagenna.bezier.data.ModelloDati  2023-01-11 16:04:07 DEBUG: change null val=p(199,484)
sm.clagenna.bezier.data.ModelloDati  2023-01-11 16:04:11 DEBUG: change null val=p(134,500)
sm.clagenna.bezier.data.ModelloDati  2023-01-11 16:04:12 DEBUG: change null val=p(92,466)
sm.clagenna.bezier.data.ModelloDati  2023-01-11 16:04:14 DEBUG: change null val=p(199,484)
sm.clagenna.bezier.data.ModelloDati  2023-01-11 16:04:15 DEBUG: change null val=p(197,434)
sm.clagenna.bezier.data.ModelloDati  2023-01-11 16:06:32 DEBUG: change null val=p(198,380)
sm.clagenna.bezier.data.ModelloDati  2023-01-11 16:14:02 DEBUG: change null val=p(198,380)
sm.clagenna.bezier.data.ModelloDati  2023-01-11 16:14:03 DEBUG: change null val=p(198,380)
sm.clagenna.bezier.data.ModelloDati  2023-01-11 16:14:04 DEBUG: change null val=p(183,441)
sm.clagenna.bezier.data.ModelloDati  2023-01-11 16:16:57 DEBUG: change null val=p(160,395)
sm.clagenna.bezier.data.ModelloDati  2023-01-11 16:16:59 DEBUG: change null val=p(236,522)
sm.clagenna.bezier.data.ModelloDati  2023-01-11 16:17:00 DEBUG: change null val=p(251,448)
sm.clagenna.bezier.data.ModelloDati  2023-01-11 16:17:02 DEBUG: change null val=p(60,475)
sm.clagenna.bezier.data.ModelloDati  2023-01-11 16:17:05 DEBUG: change null val=p(141,448)
sm.clagenna.bezier.data.ModelloDati  2023-01-11 16:17:08 DEBUG: change null val=p(204,388)
sm.clagenna.bezier.data.ModelloDati  2023-01-11 16:17:30 DEBUG: change null val=p(251,472)
sm.clagenna.bezier.data.ModelloDati  2023-01-11 16:17:31 DEBUG: change null val=p(160,395)
sm.clagenna.bezier.data.ModelloDati  2023-01-11 16:17:33 DEBUG: change null val=p(269,421)
sm.clagenna.bezier.data.ModelloDati  2023-01-11 16:17:38 DEBUG: change null val=p(217,388)
sm.clagenna.bezier.data.ModelloDati  2023-01-11 16:17:43 DEBUG: change null val=p(235,397)
sm.clagenna.bezier.data.ModelloDati  2023-01-11 16:17:47 DEBUG: change null val=p(250,386)
sm.clagenna.bezier.data.ModelloDati  2023-01-11 16:20:30 DEBUG: change null val=p(251,472)
sm.clagenna.bezier.data.ModelloDati  2023-01-11 16:20:31 DEBUG: change null val=p(251,472)
sm.clagenna.bezier.data.ModelloDati  2023-01-11 16:20:32 DEBUG: change null val=p(251,472)
sm.clagenna.bezier.data.ModelloDati  2023-01-11 16:20:33 DEBUG: change null val=p(251,472)
sm.clagenna.bezier.data.ModelloDati  2023-01-11 16:20:51 DEBUG: change null val=p(251,472)
sm.clagenna.bezier.data.ModelloDati  2023-01-11 16:20:53 DEBUG: change null val=p(208,501)
sm.clagenna.bezier.data.ModelloDati  2023-01-11 16:20:55 DEBUG: change null val=p(255,522)
sm.clagenna.bezier.data.ModelloDati  2023-01-11 16:20:57 DEBUG: change null val=p(250,386)
sm.clagenna.bezier.data.ModelloDati  2023-01-11 16:20:59 DEBUG: change null val=p(198,416)
sm.clagenna.bezier.data.ModelloDati  2023-01-11 16:21:01 DEBUG: change null val=p(92,466)
sm.clagenna.bezier.data.ModelloDati  2023-01-11 16:21:56 DEBUG: change null val=java.awt.Point[x=33,y=71]
sm.clagenna.bezier.data.ModelloDati  2023-01-11 16:21:56 DEBUG: change null val=java.awt.Point[x=33,y=71]
sm.clagenna.bezier.data.ModelloDati  2023-01-11 16:21:58 DEBUG: change null val=java.awt.Point[x=110,y=35]
sm.clagenna.bezier.data.ModelloDati  2023-01-11 16:21:58 DEBUG: change null val=java.awt.Point[x=110,y=35]
sm.clagenna.bezier.data.ModelloDati  2023-01-11 16:21:59 DEBUG: change null val=java.awt.Point[x=157,y=27]
sm.clagenna.bezier.data.ModelloDati  2023-01-11 16:21:59 DEBUG: change null val=java.awt.Point[x=157,y=27]
sm.clagenna.bezier.data.ModelloDati  2023-01-11 16:22:03 DEBUG: change null val=java.awt.Point[x=58,y=101]
sm.clagenna.bezier.data.ModelloDati  2023-01-11 16:22:03 DEBUG: change null val=java.awt.Point[x=58,y=101]
sm.clagenna.bezier.data.ModelloDati  2023-01-11 16:22:13 DEBUG: change null val=p(110,565)
sm.clagenna.bezier.data.ModelloDati  2023-01-11 16:22:13 DEBUG: change null val=p(110,565)
sm.clagenna.bezier.data.ModelloDati  2023-01-11 16:22:16 DEBUG: change null val=p(126,489)
sm.clagenna.bezier.data.ModelloDati  2023-01-11 16:22:18 DEBUG: change null val=p(175,501)
sm.clagenna.bezier.data.ModelloDati  2023-01-11 16:22:20 DEBUG: change null val=p(157,573)
sm.clagenna.bezier.data.ModelloDati  2023-01-11 16:22:20 DEBUG: change null val=p(157,573)
sm.clagenna.bezier.data.ModelloDati  2023-01-11 16:22:21 DEBUG: change null val=p(212,550)
sm.clagenna.bezier.data.ModelloDati  2023-01-11 16:22:39 DEBUG: change null val=java.awt.Point[x=61,y=153]
sm.clagenna.bezier.data.ModelloDati  2023-01-11 16:22:41 DEBUG: change null val=java.awt.Point[x=92,y=164]
sm.clagenna.bezier.data.ModelloDati  2023-01-11 16:22:42 DEBUG: change null val=p(61,447)
sm.clagenna.bezier.data.ModelloDati  2023-01-11 16:22:47 DEBUG: change null val=p(92,436)
sm.clagenna.bezier.data.ModelloDati  2023-01-11 16:22:59 DEBUG: change null val=p(143,415)
sm.clagenna.bezier.data.ModelloDati  2023-01-11 16:23:03 DEBUG: change null val=java.awt.Point[x=169,y=206]
sm.clagenna.bezier.data.ModelloDati  2023-01-11 16:23:06 DEBUG: change null val=p(169,394)
sm.clagenna.bezier.data.ModelloDati  2023-01-11 16:23:10 DEBUG: change null val=p(143,415)
sm.clagenna.bezier.data.ModelloDati  2023-01-11 16:23:12 DEBUG: change null val=p(81,392)
sm.clagenna.bezier.data.ModelloDati  2023-01-11 16:23:16 DEBUG: change null val=p(143,415)
sm.clagenna.bezier.data.ModelloDati  2023-01-11 16:23:17 DEBUG: change null val=p(207,371)
sm.clagenna.bezier.data.ModelloDati  2023-01-11 16:24:07 DEBUG: change null val=java.awt.Point[x=20,y=60]
sm.clagenna.bezier.data.ModelloDati  2023-01-11 16:24:09 DEBUG: change null val=java.awt.Point[x=69,y=21]
sm.clagenna.bezier.data.ModelloDati  2023-01-11 16:24:09 DEBUG: change null val=java.awt.Point[x=123,y=49]
sm.clagenna.bezier.data.ModelloDati  2023-01-11 16:24:10 DEBUG: change null val=java.awt.Point[x=95,y=123]
sm.clagenna.bezier.data.ModelloDati  2023-01-11 16:24:11 DEBUG: change null val=java.awt.Point[x=121,y=146]
sm.clagenna.bezier.data.ModelloDati  2023-01-11 16:24:16 DEBUG: change null val=p(121,454)
sm.clagenna.bezier.data.ModelloDati  2023-01-11 16:24:20 DEBUG: change null val=p(95,477)
sm.clagenna.bezier.data.ModelloDati  2023-01-11 16:24:23 DEBUG: change null val=p(123,551)
sm.clagenna.bezier.data.ModelloDati  2023-01-11 16:24:39 DEBUG: change null val=p(69,579)
sm.clagenna.bezier.data.ModelloDati  2023-01-11 16:24:43 DEBUG: change null val=p(226,488)
sm.clagenna.bezier.data.ModelloDati  2023-01-11 16:24:56 DEBUG: change null val=p(92,469)
sm.clagenna.bezier.data.ModelloDati  2023-01-11 16:25:00 DEBUG: change null val=p(169,443)
sm.clagenna.bezier.data.ModelloDati  2023-01-11 16:25:07 DEBUG: change null val=p(86,536)
sm.clagenna.bezier.data.ModelloDati  2023-01-11 16:25:13 DEBUG: change null val=p(230,426)
sm.clagenna.bezier.data.ModelloDati  2023-01-11 16:25:22 DEBUG: change null val=p(169,443)
sm.clagenna.bezier.data.ModelloDati  2023-01-11 16:26:28 DEBUG: change null val=p(230,426)
sm.clagenna.bezier.data.ModelloDati  2023-01-11 16:29:49 DEBUG: change null val=p(235,482)
sm.clagenna.bezier.data.ModelloDati  2023-01-11 16:32:20 DEBUG: change null val=p(269,398)
sm.clagenna.bezier.data.ModelloDati  2023-01-11 16:34:08 DEBUG: change null val=p(254,372)
sm.clagenna.bezier.data.ModelloDati  2023-01-11 16:34:11 DEBUG: change null val=p(208,392)
sm.clagenna.bezier.data.ModelloDati  2023-01-11 16:34:17 DEBUG: change null val=p(169,443)
sm.clagenna.bezier.data.ModelloDati  2023-01-11 16:34:21 DEBUG: change null val=p(278,391)
sm.clagenna.bezier.data.ModelloDati  2023-01-11 17:05:04 DEBUG: change null val=java.awt.Point[x=52,y=61]
sm.clagenna.bezier.data.ModelloDati  2023-01-11 17:05:06 DEBUG: change null val=java.awt.Point[x=86,y=39]
sm.clagenna.bezier.data.ModelloDati  2023-01-11 17:05:07 DEBUG: change null val=java.awt.Point[x=154,y=47]
sm.clagenna.bezier.data.ModelloDati  2023-01-11 17:05:08 DEBUG: change null val=java.awt.Point[x=172,y=89]
sm.clagenna.bezier.data.ModelloDati  2023-01-11 17:05:11 DEBUG: change null val=p(154,553)
sm.clagenna.bezier.data.ModelloDati  2023-01-11 17:05:17 DEBUG: change null val=p(172,511)
sm.clagenna.bezier.data.ModelloDati  2023-01-11 17:05:26 DEBUG: change null val=p(86,561)
sm.clagenna.bezier.data.ModelloDati  2023-01-11 17:12:47 DEBUG: change null val=java.awt.Point[x=82,y=103]
sm.clagenna.bezier.data.ModelloDati  2023-01-11 17:12:48 DEBUG: change null val=java.awt.Point[x=150,y=68]
sm.clagenna.bezier.data.ModelloDati  2023-01-11 17:12:49 DEBUG: change null val=java.awt.Point[x=249,y=69]
sm.clagenna.bezier.data.ModelloDati  2023-01-11 17:12:49 DEBUG: change null val=java.awt.Point[x=241,y=133]
sm.clagenna.bezier.data.ModelloDati  2023-01-11 17:12:54 DEBUG: change null val=p(249,531)
sm.clagenna.bezier.data.ModelloDati  2023-01-11 17:13:04 DEBUG: change null val=p(241,467)
sm.clagenna.bezier.data.ModelloDati  2023-01-11 17:13:10 DEBUG: change null val=p(150,532)
sm.clagenna.bezier.data.ModelloDati  2023-01-11 17:13:13 DEBUG: change null val=p(82,497)
sm.clagenna.bezier.data.ModelloDati  2023-01-11 17:18:34 DEBUG: change null val=java.awt.Point[x=64,y=85]
sm.clagenna.bezier.data.ModelloDati  2023-01-11 17:18:35 DEBUG: change null val=java.awt.Point[x=119,y=51]
sm.clagenna.bezier.data.ModelloDati  2023-01-11 17:18:37 DEBUG: change null val=java.awt.Point[x=185,y=91]
sm.clagenna.bezier.data.ModelloDati  2023-01-11 17:18:38 DEBUG: change null val=java.awt.Point[x=134,y=144]
sm.clagenna.bezier.data.ModelloDati  2023-01-11 17:18:39 DEBUG: change null val=java.awt.Point[x=257,y=203]
sm.clagenna.bezier.data.ModelloDati  2023-01-11 17:18:40 DEBUG: change null val=p(257,397)
sm.clagenna.bezier.data.ModelloDati  2023-01-11 17:18:48 DEBUG: change null val=p(134,456)
>>>>>>> refs/remotes/github/HEAD
sm.clagenna.bezier.swing.MyPanel  2023-02-06 14:52:36 WARN : Non ho punti da disegnare
sm.clagenna.bezier.data.ModelloDati  2023-02-06 14:52:42 DEBUG: changeOf(null) val=java.awt.Point[x=54,y=436]
sm.clagenna.bezier.swing.MyPanel  2023-02-06 14:52:43 WARN : Non ho punti da disegnare
sm.clagenna.bezier.data.ModelloDati  2023-02-06 14:52:44 DEBUG: changeOf(null) val=java.awt.Point[x=130,y=355]
sm.clagenna.bezier.swing.MyPanel  2023-02-06 14:52:44 WARN : Non ho punti da disegnare
sm.clagenna.bezier.data.ModelloDati  2023-02-06 14:52:47 DEBUG: changeOf(null) val=java.awt.Point[x=195,y=388]
sm.clagenna.bezier.data.ModelloDati  2023-02-06 14:53:18 DEBUG: changeOf(null) val=java.awt.Point[x=268,y=357]
sm.clagenna.bezier.data.ModelloDati  2023-02-06 14:53:19 DEBUG: changeOf(null) val=java.awt.Point[x=317,y=193]
sm.clagenna.bezier.data.ModelloDati  2023-02-06 14:53:21 DEBUG: changeOf(null) val=java.awt.Point[x=437,y=56]
sm.clagenna.bezier.data.ModelloDati  2023-02-06 14:53:26 DEBUG: changeOf(null) val=java.awt.Point[x=481,y=216]
sm.clagenna.bezier.data.ModelloDati  2023-02-06 14:53:28 DEBUG: changeOf(null) val=java.awt.Point[x=541,y=299]
sm.clagenna.bezier.data.ModelloDati  2023-02-06 14:53:31 DEBUG: changeOf(null) val=java.awt.Point[x=617,y=251]
sm.clagenna.bezier.data.ModelloDati  2023-02-06 14:53:33 DEBUG: changeOf(null) val=java.awt.Point[x=678,y=567]
sm.clagenna.bezier.swing.MyPanel  2023-02-06 14:53:33 ERROR: Non interpreto bene il mouse: butt=1, qta=3
sm.clagenna.bezier.data.ModelloDati  2023-02-06 15:02:56 DEBUG: changeOf(null) val=p(437,544)
sm.clagenna.bezier.data.ModelloDati  2023-02-06 15:03:00 DEBUG: changeOf(null) val=p(481,384)
sm.clagenna.bezier.data.ModelloDati  2023-02-06 15:03:41 DEBUG: changeOf(null) val=p(678,33)
sm.clagenna.bezier.data.ModelloDati  2023-02-06 15:03:52 DEBUG: changeOf(null) val=p(54,164)
sm.clagenna.bezier.data.ModelloDati  2023-02-06 15:03:55 DEBUG: changeOf(null) val=p(130,245)
sm.clagenna.bezier.data.ModelloDati  2023-02-06 15:04:03 DEBUG: changeOf(null) val=p(268,243)
sm.clagenna.bezier.data.ModelloDati  2023-02-06 15:04:40 DEBUG: changeOf(null) val=p(320,214)
sm.clagenna.bezier.data.ModelloDati  2023-02-06 15:04:45 DEBUG: changeOf(null) val=p(317,407)
sm.clagenna.bezier.data.ModelloDati  2023-02-06 15:04:56 DEBUG: changeOf(null) val=p(292,230)
sm.clagenna.bezier.data.ModelloDati  2023-02-06 15:05:26 DEBUG: changeOf(null) val=p(541,301)
sm.clagenna.bezier.data.ModelloDati  2023-02-06 15:05:35 DEBUG: changeOf(null) val=p(427,506)
sm.clagenna.bezier.data.ModelloDati  2023-02-06 15:05:46 DEBUG: changeOf(null) val=p(723,128)
sm.clagenna.bezier.data.ModelloDati  2023-02-06 15:06:02 DEBUG: changeOf(null) val=p(548,525)
sm.clagenna.bezier.data.ModelloDati  2023-02-06 15:06:17 DEBUG: changeOf(null) val=p(273,283)
sm.clagenna.bezier.data.ModelloDati  2023-02-06 15:06:27 DEBUG: changeOf(null) val=p(351,447)
sm.clagenna.bezier.data.ModelloDati  2023-02-06 15:06:45 DEBUG: changeOf(null) val=p(281,76)
sm.clagenna.bezier.data.ModelloDati  2023-02-06 15:28:03 DEBUG: changeOf(null) val=java.awt.Point[x=50,y=242]
sm.clagenna.bezier.data.ModelloDati  2023-02-06 15:28:05 DEBUG: changeOf(null) val=java.awt.Point[x=90,y=202]
sm.clagenna.bezier.data.ModelloDati  2023-02-06 15:28:07 DEBUG: changeOf(null) val=java.awt.Point[x=137,y=133]
sm.clagenna.bezier.data.ModelloDati  2023-02-06 15:28:08 DEBUG: changeOf(null) val=java.awt.Point[x=166,y=204]
sm.clagenna.bezier.data.ModelloDati  2023-02-06 15:28:10 DEBUG: changeOf(null) val=java.awt.Point[x=186,y=292]
sm.clagenna.bezier.data.ModelloDati  2023-02-06 15:28:11 DEBUG: changeOf(null) val=java.awt.Point[x=218,y=344]
sm.clagenna.bezier.data.ModelloDati  2023-02-06 15:28:12 DEBUG: changeOf(null) val=java.awt.Point[x=259,y=327]
sm.clagenna.bezier.data.ModelloDati  2023-02-06 15:28:13 DEBUG: changeOf(null) val=java.awt.Point[x=288,y=295]
sm.clagenna.bezier.data.ModelloDati  2023-02-06 15:28:14 DEBUG: changeOf(null) val=java.awt.Point[x=373,y=147]
sm.clagenna.bezier.data.ModelloDati  2023-02-06 15:28:16 DEBUG: changeOf(null) val=java.awt.Point[x=454,y=175]
sm.clagenna.bezier.data.ModelloDati  2023-02-06 15:28:19 DEBUG: changeOf(null) val=java.awt.Point[x=479,y=225]
sm.clagenna.bezier.data.ModelloDati  2023-02-06 15:28:20 DEBUG: changeOf(null) val=java.awt.Point[x=523,y=310]
sm.clagenna.bezier.data.ModelloDati  2023-02-06 15:28:24 DEBUG: changeOf(null) val=java.awt.Point[x=590,y=354]
sm.clagenna.bezier.data.ModelloDati  2023-02-06 15:28:28 DEBUG: changeOf(null) val=java.awt.Point[x=653,y=217]
sm.clagenna.bezier.data.ModelloDati  2023-02-06 15:28:31 DEBUG: changeOf(null) val=Spline
sm.clagenna.bezier.data.ModelloDati  2023-02-06 15:28:42 DEBUG: changeOf(null) val=p(218,256)
sm.clagenna.bezier.data.ModelloDati  2023-02-06 15:28:54 DEBUG: changeOf(null) val=p(259,273)
sm.clagenna.bezier.data.ModelloDati  2023-02-06 15:29:00 DEBUG: changeOf(null) val=p(186,308)
sm.clagenna.bezier.data.ModelloDati  2023-02-06 15:29:00 DEBUG: changeOf(null) val=java.awt.Point[x=187,y=294]
sm.clagenna.bezier.data.ModelloDati  2023-02-06 15:29:13 DEBUG: changeOf(null) val=Bezier
sm.clagenna.bezier.data.ModelloDati  2023-02-06 15:29:23 DEBUG: changeOf(null) val=p(245,396)
sm.clagenna.bezier.data.ModelloDati  2023-02-06 15:29:27 DEBUG: changeOf(null) val=p(266,399)
sm.clagenna.bezier.data.ModelloDati  2023-02-06 15:29:32 DEBUG: changeOf(null) val=p(283,364)
sm.clagenna.bezier.data.ModelloDati  2023-02-06 15:29:34 DEBUG: changeOf(null) val=p(288,305)
sm.clagenna.bezier.data.ModelloDati  2023-02-06 15:29:41 DEBUG: changeOf(null) val=Spline
sm.clagenna.bezier.data.ModelloDati  2023-02-06 15:31:30 DEBUG: changeOf(null) val=p(186,308)
sm.clagenna.bezier.data.ModelloDati  2023-02-06 15:31:42 DEBUG: changeOf(null) val=p(187,306)
sm.clagenna.bezier.data.ModelloDati  2023-02-06 15:31:55 DEBUG: changeOf(null) val=p(240,413)
sm.clagenna.bezier.data.ModelloDati  2023-02-06 15:32:53 DEBUG: changeOf(null) val=p(90,398)
sm.clagenna.bezier.data.ModelloDati  2023-02-06 15:33:00 DEBUG: changeOf(null) val=p(166,396)
sm.clagenna.bezier.data.ModelloDati  2023-02-06 15:33:19 DEBUG: changeOf(null) val=p(250,206)
sm.clagenna.bezier.data.ModelloDati  2023-02-06 15:33:26 DEBUG: changeOf(null) val=p(271,370)
sm.clagenna.bezier.data.ModelloDati  2023-02-06 15:34:05 DEBUG: changeOf(null) val=p(252,184)
sm.clagenna.bezier.data.ModelloDati  2023-02-06 15:34:12 DEBUG: changeOf(null) val=p(137,467)
sm.clagenna.bezier.data.ModelloDati  2023-02-06 15:34:23 DEBUG: changeOf(null) val=p(117,262)
sm.clagenna.bezier.data.ModelloDati  2023-02-06 15:34:33 DEBUG: changeOf(null) val=Bezier
sm.clagenna.bezier.data.ModelloDati  2023-02-06 15:34:36 DEBUG: changeOf(null) val=p(104,429)
sm.clagenna.bezier.data.ModelloDati  2023-02-06 15:34:44 DEBUG: changeOf(null) val=java.awt.Point[x=171,y=368]
sm.clagenna.bezier.data.ModelloDati  2023-02-06 15:34:44 DEBUG: changeOf(null) val=p(172,233)
sm.clagenna.bezier.data.ModelloDati  2023-02-06 15:34:48 DEBUG: changeOf(null) val=p(171,232)
sm.clagenna.bezier.data.ModelloDati  2023-02-06 15:34:54 DEBUG: changeOf(null) val=p(320,173)
sm.clagenna.bezier.data.ModelloDati  2023-02-06 15:35:01 DEBUG: changeOf(null) val=p(190,350)
sm.clagenna.bezier.data.ModelloDati  2023-02-06 15:35:07 DEBUG: changeOf(null) val=Spline
sm.clagenna.bezier.data.ModelloDati  2023-02-06 15:35:10 DEBUG: changeOf(null) val=p(50,358)
